2017-03-31 13:15:06,826  INFO AbstractContextLoader:242 - Could not detect default resource locations for test class [com.cclouds.ApplicationTests]: no resource found for suffixes {-context.xml, Context.groovy}.
2017-03-31 13:15:06,887  INFO DefaultTestContextBootstrapper:259 - Loaded default TestExecutionListener class names from location [META-INF/spring.factories]: [org.springframework.test.context.web.ServletTestExecutionListener, org.springframework.test.context.support.DirtiesContextBeforeModesTestExecutionListener, org.springframework.test.context.support.DependencyInjectionTestExecutionListener, org.springframework.test.context.support.DirtiesContextTestExecutionListener, org.springframework.test.context.transaction.TransactionalTestExecutionListener, org.springframework.test.context.jdbc.SqlScriptsTestExecutionListener]
2017-03-31 13:15:06,893  INFO DefaultTestContextBootstrapper:207 - Could not instantiate TestExecutionListener [org.springframework.test.context.web.ServletTestExecutionListener]. Specify custom listener classes or make the default listener classes (and their required dependencies) available. Offending class: [javax/servlet/ServletContext]
2017-03-31 13:15:06,894  INFO DefaultTestContextBootstrapper:207 - Could not instantiate TestExecutionListener [org.springframework.test.context.transaction.TransactionalTestExecutionListener]. Specify custom listener classes or make the default listener classes (and their required dependencies) available. Offending class: [org/springframework/transaction/interceptor/TransactionAttributeSource]
2017-03-31 13:15:06,896  INFO DefaultTestContextBootstrapper:207 - Could not instantiate TestExecutionListener [org.springframework.test.context.jdbc.SqlScriptsTestExecutionListener]. Specify custom listener classes or make the default listener classes (and their required dependencies) available. Offending class: [org/springframework/transaction/interceptor/TransactionAttribute]
2017-03-31 13:15:06,897  INFO DefaultTestContextBootstrapper:185 - Using TestExecutionListeners: [org.springframework.test.context.support.DirtiesContextBeforeModesTestExecutionListener@c0e1c69, org.springframework.test.context.support.DependencyInjectionTestExecutionListener@726b37ad, org.springframework.test.context.support.DirtiesContextTestExecutionListener@5d14798a]
2017-03-31 13:15:07,581  INFO ApplicationTests:48 - Starting ApplicationTests on cclouds-PC with PID 5492 (D:\github\spring_boot\Chapter14\target\test-classes started by cclouds in D:\github\spring_boot\Chapter14)
2017-03-31 13:15:07,581 DEBUG ApplicationTests:51 - Running with Spring Boot v1.3.2.RELEASE, Spring v4.2.4.RELEASE
2017-03-31 13:15:07,582  INFO ApplicationTests:666 - No active profile set, falling back to default profiles: default
2017-03-31 13:15:07,626  INFO AnnotationConfigApplicationContext:578 - Refreshing org.springframework.context.annotation.AnnotationConfigApplicationContext@593e64e0: startup date [Fri Mar 31 13:15:07 CST 2017]; root of context hierarchy
2017-03-31 13:15:08,266  INFO ApplicationTests:57 - Started ApplicationTests in 1.058 seconds (JVM running for 2.26)
2017-03-31 13:15:08,271  INFO ApplicationTests:24 - 输出info
2017-03-31 13:15:08,272 DEBUG ApplicationTests:25 - 输出debug
2017-03-31 13:15:08,272 ERROR ApplicationTests:26 - 输出error
2017-03-31 13:15:08,273  INFO AnnotationConfigApplicationContext:960 - Closing org.springframework.context.annotation.AnnotationConfigApplicationContext@593e64e0: startup date [Fri Mar 31 13:15:07 CST 2017]; root of context hierarchy
2017-03-31 13:25:23,803  INFO AbstractContextLoader:242 - Could not detect default resource locations for test class [com.cclouds.ApplicationTests]: no resource found for suffixes {-context.xml, Context.groovy}.
2017-03-31 13:25:23,817  INFO DefaultTestContextBootstrapper:259 - Loaded default TestExecutionListener class names from location [META-INF/spring.factories]: [org.springframework.test.context.web.ServletTestExecutionListener, org.springframework.test.context.support.DirtiesContextBeforeModesTestExecutionListener, org.springframework.test.context.support.DependencyInjectionTestExecutionListener, org.springframework.test.context.support.DirtiesContextTestExecutionListener, org.springframework.test.context.transaction.TransactionalTestExecutionListener, org.springframework.test.context.jdbc.SqlScriptsTestExecutionListener]
2017-03-31 13:25:23,822  INFO DefaultTestContextBootstrapper:207 - Could not instantiate TestExecutionListener [org.springframework.test.context.web.ServletTestExecutionListener]. Specify custom listener classes or make the default listener classes (and their required dependencies) available. Offending class: [javax/servlet/ServletContext]
2017-03-31 13:25:23,822  INFO DefaultTestContextBootstrapper:207 - Could not instantiate TestExecutionListener [org.springframework.test.context.transaction.TransactionalTestExecutionListener]. Specify custom listener classes or make the default listener classes (and their required dependencies) available. Offending class: [org/springframework/transaction/interceptor/TransactionAttributeSource]
2017-03-31 13:25:23,824  INFO DefaultTestContextBootstrapper:207 - Could not instantiate TestExecutionListener [org.springframework.test.context.jdbc.SqlScriptsTestExecutionListener]. Specify custom listener classes or make the default listener classes (and their required dependencies) available. Offending class: [org/springframework/transaction/interceptor/TransactionAttribute]
2017-03-31 13:25:23,825  INFO DefaultTestContextBootstrapper:185 - Using TestExecutionListeners: [org.springframework.test.context.support.DirtiesContextBeforeModesTestExecutionListener@c0e1c69, org.springframework.test.context.support.DependencyInjectionTestExecutionListener@726b37ad, org.springframework.test.context.support.DirtiesContextTestExecutionListener@5d14798a]
2017-03-31 13:25:24,146  INFO ApplicationTests:48 - Starting ApplicationTests on cclouds-PC with PID 10544 (D:\github\spring_boot\Chapter14\target\test-classes started by cclouds in D:\github\spring_boot\Chapter14)
2017-03-31 13:25:24,147  INFO ApplicationTests:670 - The following profiles are active: dev
2017-03-31 13:25:24,196  INFO AnnotationConfigApplicationContext:578 - Refreshing org.springframework.context.annotation.AnnotationConfigApplicationContext@593e64e0: startup date [Fri Mar 31 13:25:24 CST 2017]; root of context hierarchy
2017-03-31 13:25:24,996  INFO ApplicationTests:57 - Started ApplicationTests in 1.088 seconds (JVM running for 1.539)
2017-03-31 13:25:25,002  INFO ApplicationTests:24 - 输出info
2017-03-31 13:25:25,002 ERROR ApplicationTests:26 - 输出error
2017-03-31 13:25:25,004  INFO AnnotationConfigApplicationContext:960 - Closing org.springframework.context.annotation.AnnotationConfigApplicationContext@593e64e0: startup date [Fri Mar 31 13:25:24 CST 2017]; root of context hierarchy
